<?xml version="1.0" encoding="UTF-8"?>
<!-- Generated by org.testng.reporters.JUnitReportReporter -->
<testsuite hostname="DESKTOP-QU5MOB9" failures="0" tests="2" name="dataParameterization.Actitime" time="49.733" errors="0" timestamp="2021-06-26T09:43:11 IST" skipped="0">
  <testcase classname="dataParameterization.Actitime" name="acti" time="41.099"/>
  <system-out/>
  <testcase classname="dataParameterization.Actitime" name="acti" time="8.634"/>
  <system-out/>
</testsuite> <!-- dataParameterization.Actitime -->
