<?xml version="1.0" encoding="UTF-8"?>
<!-- Generated by org.testng.reporters.JUnitReportReporter -->
<testsuite hostname="DESKTOP-QU5MOB9" failures="0" tests="3" name="testNG.Priority" time="0.024" errors="0" timestamp="2021-06-26T08:24:09 IST" skipped="0">
  <testcase classname="testNG.Priority" name="C" time="0.016"/>
  <system-out/>
  <testcase classname="testNG.Priority" name="a" time="0.003"/>
  <system-out/>
  <testcase classname="testNG.Priority" name="b" time="0.005"/>
  <system-out/>
</testsuite> <!-- testNG.Priority -->
