<?xml version="1.0" encoding="UTF-8"?>
<!-- Generated by org.testng.reporters.JUnitReportReporter -->
<testsuite hostname="DESKTOP-QU5MOB9" failures="0" tests="2" name="parallelmethod.Methodparallel" time="0.046" errors="0" timestamp="2021-06-28T08:45:18 IST" skipped="0">
  <testcase classname="parallelmethod.Methodparallel" name="method1" time="0.023"/>
  <system-out>
    <![CDATA[i am from 116]]>
  </system-out>
  <testcase classname="parallelmethod.Methodparallel" name="method2" time="0.023"/>
  <system-out>
    <![CDATA[i am from 217]]>
  </system-out>
</testsuite> <!-- parallelmethod.Methodparallel -->
