<?xml version="1.0" encoding="UTF-8"?>
<!-- Generated by org.testng.reporters.JUnitReportReporter -->
<testsuite hostname="DESKTOP-QU5MOB9" failures="0" tests="2" name="annotationstest.TestNGannootations" time="0.020" errors="0" timestamp="2021-06-30T09:18:26 IST" skipped="0">
  <testcase classname="annotationstest.TestNGannootations" name="f" time="0.014"/>
  <system-out>
    <![CDATA[testcase1]]>
  </system-out>
  <testcase classname="annotationstest.TestNGannootations" name="g" time="0.006"/>
  <system-out>
    <![CDATA[testcase2]]>
  </system-out>
</testsuite> <!-- annotationstest.TestNGannootations -->
