<?xml version="1.0" encoding="UTF-8"?>
<!-- Generated by org.testng.reporters.JUnitReportReporter -->
<testsuite hostname="DESKTOP-QU5MOB9" failures="0" tests="2" name="annotationstest.TestNGrealtime" time="0.027" errors="0" timestamp="2021-06-30T08:51:38 IST" skipped="0">
  <testcase classname="annotationstest.TestNGrealtime" name="createuser" time="0.006"/>
  <system-out>
    <![CDATA[the user is created]]>
  </system-out>
  <testcase classname="annotationstest.TestNGrealtime" name="addEmp1" time="0.021"/>
  <system-out>
    <![CDATA[add the emp]]>
  </system-out>
</testsuite> <!-- annotationstest.TestNGrealtime -->
