<?xml version="1.0" encoding="UTF-8"?>
<!-- Generated by org.testng.reporters.JUnitReportReporter -->
<testsuite hostname="DESKTOP-QU5MOB9" failures="0" tests="2" name="testNGforapp.NewTest" time="13.088" errors="0" timestamp="2021-06-30T10:04:20 IST" skipped="0">
  <testcase classname="testNGforapp.NewTest" name="loginInvalid" time="6.253"/>
  <system-out/>
  <testcase classname="testNGforapp.NewTest" name="login" time="6.835"/>
  <system-out/>
</testsuite> <!-- testNGforapp.NewTest -->
